<?xml version="1.0" encoding="UTF-8"?><testsuite errors="1" failures="0" name="Verify fill out the form of the Block Validation page" skipped="0" tests="1" time="5.61" timestamp="2024-02-12 09:31:46"><testcase name="Fill out the form of the Block Validation page"><error message="Could not instantiate class org.openqa.selenium.chrome.ChromeDriver" type="net.thucydides.core.webdriver.UnsupportedDriverException">Could not instantiate class org.openqa.selenium.chrome.ChromeDriver</error><system-err>Could not instantiate class org.openqa.selenium.chrome.ChromeDriver&#13;
com.choucair.tasks.OpenUpWeb.performAs(OpenUpWeb.java:19)&#13;
com.choucair.stepdefinitions.ColorlibStepDefs.aUserEntersToTheColorlibAppAndGoToTheBlockValidationPage(ColorlibStepDefs.java:32)&#13;
java.base/jdk.internal.reflect.NativeMethodAccessorImpl.invoke0(Native Method)&#13;
java.base/jdk.internal.reflect.NativeMethodAccessorImpl.invoke(NativeMethodAccessorImpl.java:62)&#13;
java.base/jdk.internal.reflect.DelegatingMethodAccessorImpl.invoke(DelegatingMethodAccessorImpl.java:43)&#13;
cucumber.runner.Runner.runPickle(Runner.java:80)&#13;
com.choucair.runner.Excel.RunnerPersonalizado.run(RunnerPersonalizado.java:64)&#13;
java.base/jdk.internal.reflect.NativeMethodAccessorImpl.invoke0(Native Method)&#13;
java.base/jdk.internal.reflect.NativeMethodAccessorImpl.invoke(NativeMethodAccessorImpl.java:62)&#13;
java.base/jdk.internal.reflect.DelegatingMethodAccessorImpl.invoke(DelegatingMethodAccessorImpl.java:43)&#13;
worker.org.gradle.process.internal.worker.GradleWorkerMain.run(GradleWorkerMain.java:69)&#13;
worker.org.gradle.process.internal.worker.GradleWorkerMain.main(GradleWorkerMain.java:74)&#13;
</system-err></testcase></testsuite>